[2021-10-26 20:14:46,821] multiqc                                            [DEBUG  ]  This is MultiQC v1.11
[2021-10-26 20:14:46,821] multiqc                                            [DEBUG  ]  No MultiQC config found: /usr/local/lib/python3.6/dist-packages/multiqc_config.yaml
[2021-10-26 20:14:46,821] multiqc                                            [DEBUG  ]  No MultiQC config found: /home/kashilova/.multiqc_config.yaml
[2021-10-26 20:14:46,821] multiqc                                            [DEBUG  ]  No MultiQC config found: multiqc_config.yaml
[2021-10-26 20:14:46,821] multiqc                                            [DEBUG  ]  Command used: /usr/local/bin/multiqc -o trimmed_multiqc trimmed_fastqc
[2021-10-26 20:14:47,405] multiqc                                            [DEBUG  ]  Latest MultiQC version is v1.11
[2021-10-26 20:14:47,405] multiqc                                            [DEBUG  ]  Command     : /usr/local/bin/multiqc -o trimmed_multiqc trimmed_fastqc
[2021-10-26 20:14:47,405] multiqc                                            [DEBUG  ]  Working dir : /home/kashilova/sub
[2021-10-26 20:14:47,405] multiqc                                            [DEBUG  ]  Template    : default
[2021-10-26 20:14:47,405] multiqc                                            [DEBUG  ]  Running Python 3.6.9 (default, Jan 26 2021, 15:33:00)  [GCC 8.4.0]
[2021-10-26 20:14:47,406] multiqc                                            [DEBUG  ]  Analysing modules: custom_content, ccs, ngsderive, purple, conpair, lima, peddy, somalier, methylQA, mosdepth, phantompeakqualtools, qualimap, preseq, quast, qorts, rna_seqc, rockhopper, rsem, rseqc, busco, bustools, goleft_indexcov, gffcompare, disambiguate, supernova, deeptools, sargasso, verifybamid, mirtrace, happy, mirtop, sambamba, homer, hops, macs2, theta2, snpeff, gatk, htseq, bcftools, featureCounts, fgbio, dragen, dedup, damageprofiler, biobambam2, jcvi, mtnucratio, picard, vep, sentieon, prokka, qc3C, nanostat, samblaster, samtools, sexdeterrmine, eigenstratdatabasetools, bamtools, jellyfish, vcftools, longranger, stacks, varscan2, snippy, bbmap, bismark, biscuit, hicexplorer, hicup, hicpro, salmon, kallisto, slamdunk, star, hisat2, tophat, bowtie2, bowtie1, snpsplit, odgi, pangolin, kat, leehom, adapterRemoval, clipandmerge, cutadapt, flexbar, kaiju, kraken, malt, trimmomatic, sickle, skewer, sortmerna, biobloomtools, fastq_screen, afterqc, fastp, fastqc, pychopper, pycoqc, minionqc, multivcfanalyzer, clusterflow, bcl2fastq, bclconvert, interop, ivar, flash, seqyclean, optitype
[2021-10-26 20:14:47,406] multiqc                                            [DEBUG  ]  Using temporary directory for creating report: /tmp/tmpyz7egd6q
[2021-10-26 20:14:47,484] multiqc                                            [INFO   ]  Search path : /home/kashilova/sub/trimmed_fastqc
[2021-10-26 20:14:47,506] multiqc                                            [DEBUG  ]  File ignored by ccs/v4 because it exceeded search pattern filesize limit: oilMP_S4_L001_R2_001_sub.fastq.int_trimmed_fastqc.html
[2021-10-26 20:14:47,507] multiqc                                            [DEBUG  ]  File ignored by hicexplorer because it exceeded search pattern filesize limit: oilMP_S4_L001_R2_001_sub.fastq.int_trimmed_fastqc.html
[2021-10-26 20:14:47,507] multiqc                                            [DEBUG  ]  File ignored by nanostat because it exceeded search pattern filesize limit: oilMP_S4_L001_R2_001_sub.fastq.int_trimmed_fastqc.html
[2021-10-26 20:14:47,507] multiqc                                            [DEBUG  ]  File ignored by lima/summary because it exceeded search pattern filesize limit: oilMP_S4_L001_R2_001_sub.fastq.int_trimmed_fastqc.html
[2021-10-26 20:14:47,509] multiqc                                            [DEBUG  ]  File ignored by vep/vep_txt because it exceeded search pattern filesize limit: oilMP_S4_L001_R2_001_sub.fastq.int_trimmed_fastqc.html
[2021-10-26 20:14:47,509] multiqc                                            [DEBUG  ]  File ignored by longranger/invocation because it exceeded search pattern filesize limit: oilMP_S4_L001_R2_001_sub.fastq.int_trimmed_fastqc.html
[2021-10-26 20:14:47,509] multiqc                                            [DEBUG  ]  File ignored by rockhopper because it exceeded search pattern filesize limit: oilMP_S4_L001_R2_001_sub.fastq.int_trimmed_fastqc.html
[2021-10-26 20:14:47,509] multiqc                                            [DEBUG  ]  File ignored by rseqc/bam_stat because it exceeded search pattern filesize limit: oilMP_S4_L001_R2_001_sub.fastq.int_trimmed_fastqc.html
[2021-10-26 20:14:47,509] multiqc                                            [DEBUG  ]  File ignored by rseqc/junction_annotation because it exceeded search pattern filesize limit: oilMP_S4_L001_R2_001_sub.fastq.int_trimmed_fastqc.html
[2021-10-26 20:14:47,509] multiqc                                            [DEBUG  ]  File ignored by rseqc/read_distribution because it exceeded search pattern filesize limit: oilMP_S4_L001_R2_001_sub.fastq.int_trimmed_fastqc.html
[2021-10-26 20:14:47,509] multiqc                                            [DEBUG  ]  File ignored by rseqc/infer_experiment because it exceeded search pattern filesize limit: oilMP_S4_L001_R2_001_sub.fastq.int_trimmed_fastqc.html
[2021-10-26 20:14:47,568] multiqc                                            [DEBUG  ]  File ignored by ccs/v4 because it exceeded search pattern filesize limit: oil_R1_sub.fastq.trimmed_fastqc.html
[2021-10-26 20:14:47,569] multiqc                                            [DEBUG  ]  File ignored by hicexplorer because it exceeded search pattern filesize limit: oil_R1_sub.fastq.trimmed_fastqc.html
[2021-10-26 20:14:47,569] multiqc                                            [DEBUG  ]  File ignored by nanostat because it exceeded search pattern filesize limit: oil_R1_sub.fastq.trimmed_fastqc.html
[2021-10-26 20:14:47,569] multiqc                                            [DEBUG  ]  File ignored by lima/summary because it exceeded search pattern filesize limit: oil_R1_sub.fastq.trimmed_fastqc.html
[2021-10-26 20:14:47,570] multiqc                                            [DEBUG  ]  File ignored by vep/vep_txt because it exceeded search pattern filesize limit: oil_R1_sub.fastq.trimmed_fastqc.html
[2021-10-26 20:14:47,570] multiqc                                            [DEBUG  ]  File ignored by longranger/invocation because it exceeded search pattern filesize limit: oil_R1_sub.fastq.trimmed_fastqc.html
[2021-10-26 20:14:47,570] multiqc                                            [DEBUG  ]  File ignored by rockhopper because it exceeded search pattern filesize limit: oil_R1_sub.fastq.trimmed_fastqc.html
[2021-10-26 20:14:47,570] multiqc                                            [DEBUG  ]  File ignored by rseqc/bam_stat because it exceeded search pattern filesize limit: oil_R1_sub.fastq.trimmed_fastqc.html
[2021-10-26 20:14:47,570] multiqc                                            [DEBUG  ]  File ignored by rseqc/junction_annotation because it exceeded search pattern filesize limit: oil_R1_sub.fastq.trimmed_fastqc.html
[2021-10-26 20:14:47,570] multiqc                                            [DEBUG  ]  File ignored by rseqc/read_distribution because it exceeded search pattern filesize limit: oil_R1_sub.fastq.trimmed_fastqc.html
[2021-10-26 20:14:47,570] multiqc                                            [DEBUG  ]  File ignored by rseqc/infer_experiment because it exceeded search pattern filesize limit: oil_R1_sub.fastq.trimmed_fastqc.html
[2021-10-26 20:14:47,621] multiqc                                            [DEBUG  ]  File ignored by ccs/v4 because it exceeded search pattern filesize limit: oil_R2_sub.fastq.trimmed_fastqc.html
[2021-10-26 20:14:47,622] multiqc                                            [DEBUG  ]  File ignored by hicexplorer because it exceeded search pattern filesize limit: oil_R2_sub.fastq.trimmed_fastqc.html
[2021-10-26 20:14:47,622] multiqc                                            [DEBUG  ]  File ignored by nanostat because it exceeded search pattern filesize limit: oil_R2_sub.fastq.trimmed_fastqc.html
[2021-10-26 20:14:47,622] multiqc                                            [DEBUG  ]  File ignored by lima/summary because it exceeded search pattern filesize limit: oil_R2_sub.fastq.trimmed_fastqc.html
[2021-10-26 20:14:47,623] multiqc                                            [DEBUG  ]  File ignored by vep/vep_txt because it exceeded search pattern filesize limit: oil_R2_sub.fastq.trimmed_fastqc.html
[2021-10-26 20:14:47,623] multiqc                                            [DEBUG  ]  File ignored by longranger/invocation because it exceeded search pattern filesize limit: oil_R2_sub.fastq.trimmed_fastqc.html
[2021-10-26 20:14:47,623] multiqc                                            [DEBUG  ]  File ignored by rockhopper because it exceeded search pattern filesize limit: oil_R2_sub.fastq.trimmed_fastqc.html
[2021-10-26 20:14:47,623] multiqc                                            [DEBUG  ]  File ignored by rseqc/bam_stat because it exceeded search pattern filesize limit: oil_R2_sub.fastq.trimmed_fastqc.html
[2021-10-26 20:14:47,623] multiqc                                            [DEBUG  ]  File ignored by rseqc/junction_annotation because it exceeded search pattern filesize limit: oil_R2_sub.fastq.trimmed_fastqc.html
[2021-10-26 20:14:47,623] multiqc                                            [DEBUG  ]  File ignored by rseqc/read_distribution because it exceeded search pattern filesize limit: oil_R2_sub.fastq.trimmed_fastqc.html
[2021-10-26 20:14:47,623] multiqc                                            [DEBUG  ]  File ignored by rseqc/infer_experiment because it exceeded search pattern filesize limit: oil_R2_sub.fastq.trimmed_fastqc.html
[2021-10-26 20:14:47,672] multiqc                                            [DEBUG  ]  File ignored by ccs/v4 because it exceeded search pattern filesize limit: oilMP_S4_L001_R1_001_sub.fastq.int_trimmed_fastqc.html
[2021-10-26 20:14:47,673] multiqc                                            [DEBUG  ]  File ignored by hicexplorer because it exceeded search pattern filesize limit: oilMP_S4_L001_R1_001_sub.fastq.int_trimmed_fastqc.html
[2021-10-26 20:14:47,673] multiqc                                            [DEBUG  ]  File ignored by nanostat because it exceeded search pattern filesize limit: oilMP_S4_L001_R1_001_sub.fastq.int_trimmed_fastqc.html
[2021-10-26 20:14:47,673] multiqc                                            [DEBUG  ]  File ignored by lima/summary because it exceeded search pattern filesize limit: oilMP_S4_L001_R1_001_sub.fastq.int_trimmed_fastqc.html
[2021-10-26 20:14:47,674] multiqc                                            [DEBUG  ]  File ignored by vep/vep_txt because it exceeded search pattern filesize limit: oilMP_S4_L001_R1_001_sub.fastq.int_trimmed_fastqc.html
[2021-10-26 20:14:47,674] multiqc                                            [DEBUG  ]  File ignored by longranger/invocation because it exceeded search pattern filesize limit: oilMP_S4_L001_R1_001_sub.fastq.int_trimmed_fastqc.html
[2021-10-26 20:14:47,674] multiqc                                            [DEBUG  ]  File ignored by rockhopper because it exceeded search pattern filesize limit: oilMP_S4_L001_R1_001_sub.fastq.int_trimmed_fastqc.html
[2021-10-26 20:14:47,674] multiqc                                            [DEBUG  ]  File ignored by rseqc/bam_stat because it exceeded search pattern filesize limit: oilMP_S4_L001_R1_001_sub.fastq.int_trimmed_fastqc.html
[2021-10-26 20:14:47,674] multiqc                                            [DEBUG  ]  File ignored by rseqc/junction_annotation because it exceeded search pattern filesize limit: oilMP_S4_L001_R1_001_sub.fastq.int_trimmed_fastqc.html
[2021-10-26 20:14:47,674] multiqc                                            [DEBUG  ]  File ignored by rseqc/read_distribution because it exceeded search pattern filesize limit: oilMP_S4_L001_R1_001_sub.fastq.int_trimmed_fastqc.html
[2021-10-26 20:14:47,674] multiqc                                            [DEBUG  ]  File ignored by rseqc/infer_experiment because it exceeded search pattern filesize limit: oilMP_S4_L001_R1_001_sub.fastq.int_trimmed_fastqc.html
[2021-10-26 20:14:47,874] multiqc.plots.bargraph                             [DEBUG  ]  Using matplotlib version 3.3.3
[2021-10-26 20:14:47,874] multiqc.plots.linegraph                            [DEBUG  ]  Using matplotlib version 3.3.3
[2021-10-26 20:14:47,875] multiqc                                            [DEBUG  ]  No samples found: custom_content
[2021-10-26 20:14:47,877] multiqc                                            [DEBUG  ]  No samples found: ccs
[2021-10-26 20:14:47,880] multiqc                                            [DEBUG  ]  No samples found: ngsderive
[2021-10-26 20:14:47,883] multiqc                                            [DEBUG  ]  No samples found: purple
[2021-10-26 20:14:47,886] multiqc                                            [DEBUG  ]  No samples found: conpair
[2021-10-26 20:14:47,888] multiqc                                            [DEBUG  ]  No samples found: lima
[2021-10-26 20:14:47,891] multiqc                                            [DEBUG  ]  No samples found: peddy
[2021-10-26 20:14:47,894] multiqc                                            [DEBUG  ]  No samples found: somalier
[2021-10-26 20:14:47,897] multiqc                                            [DEBUG  ]  No samples found: methylQA
[2021-10-26 20:14:47,900] multiqc.modules.mosdepth.mosdepth                  [DEBUG  ]  include_contigs: []
[2021-10-26 20:14:47,900] multiqc.modules.mosdepth.mosdepth                  [DEBUG  ]  exclude_contigs: []
[2021-10-26 20:14:47,900] multiqc                                            [DEBUG  ]  No samples found: mosdepth
[2021-10-26 20:14:47,903] multiqc                                            [DEBUG  ]  No samples found: phantompeakqualtools
[2021-10-26 20:14:47,905] multiqc                                            [DEBUG  ]  No samples found: qualimap
[2021-10-26 20:14:47,908] multiqc                                            [DEBUG  ]  No samples found: preseq
[2021-10-26 20:14:47,911] multiqc                                            [DEBUG  ]  No samples found: quast
[2021-10-26 20:14:47,913] multiqc                                            [DEBUG  ]  No samples found: qorts
[2021-10-26 20:14:47,916] multiqc                                            [DEBUG  ]  No samples found: rna_seqc
[2021-10-26 20:14:47,919] multiqc                                            [DEBUG  ]  No samples found: rockhopper
[2021-10-26 20:14:47,922] multiqc                                            [DEBUG  ]  No samples found: rsem
[2021-10-26 20:14:47,925] multiqc                                            [DEBUG  ]  No samples found: rseqc
[2021-10-26 20:14:47,928] multiqc                                            [DEBUG  ]  No samples found: busco
[2021-10-26 20:14:47,931] multiqc                                            [DEBUG  ]  No samples found: bustools
[2021-10-26 20:14:47,934] multiqc                                            [DEBUG  ]  No samples found: goleft_indexcov
[2021-10-26 20:14:47,936] multiqc                                            [DEBUG  ]  No samples found: gffcompare
[2021-10-26 20:14:47,939] multiqc                                            [DEBUG  ]  No samples found: disambiguate
[2021-10-26 20:14:47,942] multiqc                                            [DEBUG  ]  No samples found: supernova
[2021-10-26 20:14:47,946] multiqc                                            [DEBUG  ]  No samples found: deeptools
[2021-10-26 20:14:47,948] multiqc                                            [DEBUG  ]  No samples found: sargasso
[2021-10-26 20:14:47,951] multiqc                                            [DEBUG  ]  No samples found: verifybamid
[2021-10-26 20:14:47,954] multiqc                                            [DEBUG  ]  No samples found: mirtrace
[2021-10-26 20:14:47,957] multiqc                                            [DEBUG  ]  No samples found: happy
[2021-10-26 20:14:47,959] multiqc                                            [DEBUG  ]  No samples found: mirtop
[2021-10-26 20:14:47,962] multiqc                                            [DEBUG  ]  No samples found: sambamba
[2021-10-26 20:14:47,965] multiqc                                            [DEBUG  ]  No samples found: homer
[2021-10-26 20:14:47,968] multiqc                                            [DEBUG  ]  No samples found: hops
[2021-10-26 20:14:47,971] multiqc                                            [DEBUG  ]  No samples found: macs2
[2021-10-26 20:14:47,973] multiqc                                            [DEBUG  ]  No samples found: theta2
[2021-10-26 20:14:47,976] multiqc                                            [DEBUG  ]  No samples found: snpeff
[2021-10-26 20:14:47,979] multiqc                                            [DEBUG  ]  No samples found: gatk
[2021-10-26 20:14:47,982] multiqc                                            [DEBUG  ]  No samples found: htseq
[2021-10-26 20:14:47,985] multiqc                                            [DEBUG  ]  No samples found: bcftools
[2021-10-26 20:14:47,988] multiqc                                            [DEBUG  ]  No samples found: featureCounts
[2021-10-26 20:14:47,991] multiqc                                            [DEBUG  ]  No samples found: fgbio
[2021-10-26 20:14:47,995] multiqc                                            [DEBUG  ]  No samples found: dragen
[2021-10-26 20:14:47,998] multiqc                                            [DEBUG  ]  No samples found: dedup
[2021-10-26 20:14:48,001] multiqc                                            [DEBUG  ]  No samples found: damageprofiler
[2021-10-26 20:14:48,006] multiqc                                            [DEBUG  ]  No samples found: biobambam2
[2021-10-26 20:14:48,009] multiqc                                            [DEBUG  ]  No samples found: jcvi
[2021-10-26 20:14:48,012] multiqc                                            [DEBUG  ]  No samples found: mtnucratio
[2021-10-26 20:14:48,014] multiqc                                            [DEBUG  ]  No samples found: picard
[2021-10-26 20:14:48,017] multiqc                                            [DEBUG  ]  No samples found: vep
[2021-10-26 20:14:48,020] multiqc                                            [DEBUG  ]  No samples found: sentieon
[2021-10-26 20:14:48,023] multiqc                                            [DEBUG  ]  No samples found: prokka
[2021-10-26 20:14:48,025] multiqc                                            [DEBUG  ]  No samples found: qc3C
[2021-10-26 20:14:48,028] multiqc                                            [DEBUG  ]  No samples found: nanostat
[2021-10-26 20:14:48,031] multiqc                                            [DEBUG  ]  No samples found: samblaster
[2021-10-26 20:14:48,034] multiqc                                            [DEBUG  ]  No samples found: samtools
[2021-10-26 20:14:48,037] multiqc                                            [DEBUG  ]  No samples found: sexdeterrmine
[2021-10-26 20:14:48,039] multiqc                                            [DEBUG  ]  No samples found: eigenstratdatabasetools
[2021-10-26 20:14:48,042] multiqc                                            [DEBUG  ]  No samples found: bamtools
[2021-10-26 20:14:48,045] multiqc                                            [DEBUG  ]  No samples found: jellyfish
[2021-10-26 20:14:48,048] multiqc                                            [DEBUG  ]  No samples found: vcftools
[2021-10-26 20:14:48,051] multiqc                                            [DEBUG  ]  No samples found: longranger
[2021-10-26 20:14:48,054] multiqc                                            [DEBUG  ]  No samples found: stacks
[2021-10-26 20:14:48,056] multiqc                                            [DEBUG  ]  No samples found: varscan2
[2021-10-26 20:14:48,059] multiqc                                            [DEBUG  ]  No samples found: snippy
[2021-10-26 20:14:48,063] multiqc                                            [DEBUG  ]  No samples found: bbmap
[2021-10-26 20:14:48,066] multiqc                                            [DEBUG  ]  No samples found: bismark
[2021-10-26 20:14:48,068] multiqc                                            [DEBUG  ]  No samples found: biscuit
[2021-10-26 20:14:48,071] multiqc                                            [DEBUG  ]  No samples found: hicexplorer
[2021-10-26 20:14:48,074] multiqc                                            [DEBUG  ]  No samples found: hicup
[2021-10-26 20:14:48,077] multiqc                                            [DEBUG  ]  No samples found: hicpro
[2021-10-26 20:14:48,079] multiqc                                            [DEBUG  ]  No samples found: salmon
[2021-10-26 20:14:48,082] multiqc                                            [DEBUG  ]  No samples found: kallisto
[2021-10-26 20:14:48,085] multiqc                                            [DEBUG  ]  No samples found: slamdunk
[2021-10-26 20:14:48,088] multiqc                                            [DEBUG  ]  No samples found: star
[2021-10-26 20:14:48,091] multiqc                                            [DEBUG  ]  No samples found: hisat2
[2021-10-26 20:14:48,093] multiqc                                            [DEBUG  ]  No samples found: tophat
[2021-10-26 20:14:48,096] multiqc                                            [DEBUG  ]  No samples found: bowtie2
[2021-10-26 20:14:48,099] multiqc                                            [DEBUG  ]  No samples found: bowtie1
[2021-10-26 20:14:48,102] multiqc                                            [DEBUG  ]  No samples found: snpsplit
[2021-10-26 20:14:48,104] multiqc                                            [DEBUG  ]  No samples found: odgi
[2021-10-26 20:14:48,107] multiqc                                            [DEBUG  ]  No samples found: pangolin
[2021-10-26 20:14:48,110] multiqc                                            [DEBUG  ]  No samples found: kat
[2021-10-26 20:14:48,112] multiqc                                            [DEBUG  ]  No samples found: leehom
[2021-10-26 20:14:48,115] multiqc                                            [DEBUG  ]  No samples found: adapterRemoval
[2021-10-26 20:14:48,118] multiqc                                            [DEBUG  ]  No samples found: clipandmerge
[2021-10-26 20:14:48,121] multiqc                                            [DEBUG  ]  No samples found: cutadapt
[2021-10-26 20:14:48,123] multiqc                                            [DEBUG  ]  No samples found: flexbar
[2021-10-26 20:14:48,126] multiqc                                            [DEBUG  ]  No samples found: kaiju
[2021-10-26 20:14:48,129] multiqc                                            [DEBUG  ]  No samples found: kraken
[2021-10-26 20:14:48,131] multiqc                                            [DEBUG  ]  No samples found: malt
[2021-10-26 20:14:48,134] multiqc                                            [DEBUG  ]  No samples found: trimmomatic
[2021-10-26 20:14:48,137] multiqc                                            [DEBUG  ]  No samples found: sickle
[2021-10-26 20:14:48,139] multiqc                                            [DEBUG  ]  No samples found: skewer
[2021-10-26 20:14:48,142] multiqc                                            [DEBUG  ]  No samples found: sortmerna
[2021-10-26 20:14:48,145] multiqc                                            [DEBUG  ]  No samples found: biobloomtools
[2021-10-26 20:14:48,148] multiqc                                            [DEBUG  ]  No samples found: fastq_screen
[2021-10-26 20:14:48,150] multiqc                                            [DEBUG  ]  No samples found: afterqc
[2021-10-26 20:14:48,153] multiqc                                            [DEBUG  ]  No samples found: fastp
[2021-10-26 20:14:48,195] multiqc.modules.fastqc.fastqc                      [INFO   ]  Found 4 reports
[2021-10-26 20:14:48,241] multiqc                                            [DEBUG  ]  No samples found: pychopper
[2021-10-26 20:14:48,244] multiqc                                            [DEBUG  ]  No samples found: pycoqc
[2021-10-26 20:14:48,247] multiqc                                            [DEBUG  ]  No samples found: minionqc
[2021-10-26 20:14:48,250] multiqc                                            [DEBUG  ]  No samples found: multivcfanalyzer
[2021-10-26 20:14:48,252] multiqc                                            [DEBUG  ]  No samples found: clusterflow
[2021-10-26 20:14:48,255] multiqc                                            [DEBUG  ]  No samples found: bcl2fastq
[2021-10-26 20:14:48,258] multiqc                                            [DEBUG  ]  No samples found: bclconvert
[2021-10-26 20:14:48,261] multiqc                                            [DEBUG  ]  No samples found: interop
[2021-10-26 20:14:48,264] multiqc                                            [DEBUG  ]  No samples found: ivar
[2021-10-26 20:14:48,266] multiqc                                            [DEBUG  ]  No samples found: flash
[2021-10-26 20:14:48,269] multiqc                                            [DEBUG  ]  No samples found: seqyclean
[2021-10-26 20:14:48,272] multiqc                                            [DEBUG  ]  No samples found: optitype
[2021-10-26 20:14:48,276] multiqc                                            [INFO   ]  Compressing plot data
[2021-10-26 20:14:48,318] multiqc                                            [INFO   ]  Report      : trimmed_multiqc/multiqc_report.html
[2021-10-26 20:14:48,318] multiqc                                            [INFO   ]  Data        : trimmed_multiqc/multiqc_data
[2021-10-26 20:14:48,318] multiqc                                            [DEBUG  ]  Moving data file from '/tmp/tmpyz7egd6q/multiqc_data' to 'trimmed_multiqc/multiqc_data'
[2021-10-26 20:14:48,375] multiqc                                            [INFO   ]  MultiQC complete
