[2021-10-26 18:00:48,756] multiqc                                            [DEBUG  ]  This is MultiQC v1.11
[2021-10-26 18:00:48,756] multiqc                                            [DEBUG  ]  No MultiQC config found: /usr/local/lib/python3.6/dist-packages/multiqc_config.yaml
[2021-10-26 18:00:48,756] multiqc                                            [DEBUG  ]  No MultiQC config found: /home/kashilova/.multiqc_config.yaml
[2021-10-26 18:00:48,756] multiqc                                            [DEBUG  ]  No MultiQC config found: multiqc_config.yaml
[2021-10-26 18:00:48,756] multiqc                                            [DEBUG  ]  Command used: /usr/local/bin/multiqc -o multiqc fastqc
[2021-10-26 18:00:49,101] multiqc                                            [DEBUG  ]  Latest MultiQC version is v1.11
[2021-10-26 18:00:49,101] multiqc                                            [DEBUG  ]  Command     : /usr/local/bin/multiqc -o multiqc fastqc
[2021-10-26 18:00:49,101] multiqc                                            [DEBUG  ]  Working dir : /home/kashilova/sub
[2021-10-26 18:00:49,101] multiqc                                            [DEBUG  ]  Template    : default
[2021-10-26 18:00:49,101] multiqc                                            [DEBUG  ]  Running Python 3.6.9 (default, Jan 26 2021, 15:33:00)  [GCC 8.4.0]
[2021-10-26 18:00:49,102] multiqc                                            [DEBUG  ]  Analysing modules: custom_content, ccs, ngsderive, purple, conpair, lima, peddy, somalier, methylQA, mosdepth, phantompeakqualtools, qualimap, preseq, quast, qorts, rna_seqc, rockhopper, rsem, rseqc, busco, bustools, goleft_indexcov, gffcompare, disambiguate, supernova, deeptools, sargasso, verifybamid, mirtrace, happy, mirtop, sambamba, homer, hops, macs2, theta2, snpeff, gatk, htseq, bcftools, featureCounts, fgbio, dragen, dedup, damageprofiler, biobambam2, jcvi, mtnucratio, picard, vep, sentieon, prokka, qc3C, nanostat, samblaster, samtools, sexdeterrmine, eigenstratdatabasetools, bamtools, jellyfish, vcftools, longranger, stacks, varscan2, snippy, bbmap, bismark, biscuit, hicexplorer, hicup, hicpro, salmon, kallisto, slamdunk, star, hisat2, tophat, bowtie2, bowtie1, snpsplit, odgi, pangolin, kat, leehom, adapterRemoval, clipandmerge, cutadapt, flexbar, kaiju, kraken, malt, trimmomatic, sickle, skewer, sortmerna, biobloomtools, fastq_screen, afterqc, fastp, fastqc, pychopper, pycoqc, minionqc, multivcfanalyzer, clusterflow, bcl2fastq, bclconvert, interop, ivar, flash, seqyclean, optitype
[2021-10-26 18:00:49,103] multiqc                                            [DEBUG  ]  Using temporary directory for creating report: /tmp/tmpntjklcho
[2021-10-26 18:00:49,216] multiqc                                            [INFO   ]  Search path : /home/kashilova/sub/fastqc
[2021-10-26 18:00:49,236] multiqc                                            [DEBUG  ]  File ignored by ccs/v4 because it exceeded search pattern filesize limit: oil_R1_sub_fastqc.html
[2021-10-26 18:00:49,237] multiqc                                            [DEBUG  ]  File ignored by hicexplorer because it exceeded search pattern filesize limit: oil_R1_sub_fastqc.html
[2021-10-26 18:00:49,237] multiqc                                            [DEBUG  ]  File ignored by nanostat because it exceeded search pattern filesize limit: oil_R1_sub_fastqc.html
[2021-10-26 18:00:49,237] multiqc                                            [DEBUG  ]  File ignored by lima/summary because it exceeded search pattern filesize limit: oil_R1_sub_fastqc.html
[2021-10-26 18:00:49,239] multiqc                                            [DEBUG  ]  File ignored by vep/vep_txt because it exceeded search pattern filesize limit: oil_R1_sub_fastqc.html
[2021-10-26 18:00:49,239] multiqc                                            [DEBUG  ]  File ignored by longranger/invocation because it exceeded search pattern filesize limit: oil_R1_sub_fastqc.html
[2021-10-26 18:00:49,239] multiqc                                            [DEBUG  ]  File ignored by rockhopper because it exceeded search pattern filesize limit: oil_R1_sub_fastqc.html
[2021-10-26 18:00:49,239] multiqc                                            [DEBUG  ]  File ignored by rseqc/bam_stat because it exceeded search pattern filesize limit: oil_R1_sub_fastqc.html
[2021-10-26 18:00:49,239] multiqc                                            [DEBUG  ]  File ignored by rseqc/junction_annotation because it exceeded search pattern filesize limit: oil_R1_sub_fastqc.html
[2021-10-26 18:00:49,239] multiqc                                            [DEBUG  ]  File ignored by rseqc/read_distribution because it exceeded search pattern filesize limit: oil_R1_sub_fastqc.html
[2021-10-26 18:00:49,239] multiqc                                            [DEBUG  ]  File ignored by rseqc/infer_experiment because it exceeded search pattern filesize limit: oil_R1_sub_fastqc.html
[2021-10-26 18:00:49,297] multiqc                                            [DEBUG  ]  File ignored by ccs/v4 because it exceeded search pattern filesize limit: oilMP_S4_L001_R2_001_sub_fastqc.html
[2021-10-26 18:00:49,298] multiqc                                            [DEBUG  ]  File ignored by hicexplorer because it exceeded search pattern filesize limit: oilMP_S4_L001_R2_001_sub_fastqc.html
[2021-10-26 18:00:49,298] multiqc                                            [DEBUG  ]  File ignored by nanostat because it exceeded search pattern filesize limit: oilMP_S4_L001_R2_001_sub_fastqc.html
[2021-10-26 18:00:49,298] multiqc                                            [DEBUG  ]  File ignored by lima/summary because it exceeded search pattern filesize limit: oilMP_S4_L001_R2_001_sub_fastqc.html
[2021-10-26 18:00:49,299] multiqc                                            [DEBUG  ]  File ignored by vep/vep_txt because it exceeded search pattern filesize limit: oilMP_S4_L001_R2_001_sub_fastqc.html
[2021-10-26 18:00:49,299] multiqc                                            [DEBUG  ]  File ignored by longranger/invocation because it exceeded search pattern filesize limit: oilMP_S4_L001_R2_001_sub_fastqc.html
[2021-10-26 18:00:49,299] multiqc                                            [DEBUG  ]  File ignored by rockhopper because it exceeded search pattern filesize limit: oilMP_S4_L001_R2_001_sub_fastqc.html
[2021-10-26 18:00:49,299] multiqc                                            [DEBUG  ]  File ignored by rseqc/bam_stat because it exceeded search pattern filesize limit: oilMP_S4_L001_R2_001_sub_fastqc.html
[2021-10-26 18:00:49,299] multiqc                                            [DEBUG  ]  File ignored by rseqc/junction_annotation because it exceeded search pattern filesize limit: oilMP_S4_L001_R2_001_sub_fastqc.html
[2021-10-26 18:00:49,299] multiqc                                            [DEBUG  ]  File ignored by rseqc/read_distribution because it exceeded search pattern filesize limit: oilMP_S4_L001_R2_001_sub_fastqc.html
[2021-10-26 18:00:49,299] multiqc                                            [DEBUG  ]  File ignored by rseqc/infer_experiment because it exceeded search pattern filesize limit: oilMP_S4_L001_R2_001_sub_fastqc.html
[2021-10-26 18:00:49,354] multiqc                                            [DEBUG  ]  File ignored by ccs/v4 because it exceeded search pattern filesize limit: oilMP_S4_L001_R1_001_sub_fastqc.html
[2021-10-26 18:00:49,355] multiqc                                            [DEBUG  ]  File ignored by hicexplorer because it exceeded search pattern filesize limit: oilMP_S4_L001_R1_001_sub_fastqc.html
[2021-10-26 18:00:49,355] multiqc                                            [DEBUG  ]  File ignored by nanostat because it exceeded search pattern filesize limit: oilMP_S4_L001_R1_001_sub_fastqc.html
[2021-10-26 18:00:49,355] multiqc                                            [DEBUG  ]  File ignored by lima/summary because it exceeded search pattern filesize limit: oilMP_S4_L001_R1_001_sub_fastqc.html
[2021-10-26 18:00:49,356] multiqc                                            [DEBUG  ]  File ignored by vep/vep_txt because it exceeded search pattern filesize limit: oilMP_S4_L001_R1_001_sub_fastqc.html
[2021-10-26 18:00:49,356] multiqc                                            [DEBUG  ]  File ignored by longranger/invocation because it exceeded search pattern filesize limit: oilMP_S4_L001_R1_001_sub_fastqc.html
[2021-10-26 18:00:49,356] multiqc                                            [DEBUG  ]  File ignored by rockhopper because it exceeded search pattern filesize limit: oilMP_S4_L001_R1_001_sub_fastqc.html
[2021-10-26 18:00:49,356] multiqc                                            [DEBUG  ]  File ignored by rseqc/bam_stat because it exceeded search pattern filesize limit: oilMP_S4_L001_R1_001_sub_fastqc.html
[2021-10-26 18:00:49,356] multiqc                                            [DEBUG  ]  File ignored by rseqc/junction_annotation because it exceeded search pattern filesize limit: oilMP_S4_L001_R1_001_sub_fastqc.html
[2021-10-26 18:00:49,356] multiqc                                            [DEBUG  ]  File ignored by rseqc/read_distribution because it exceeded search pattern filesize limit: oilMP_S4_L001_R1_001_sub_fastqc.html
[2021-10-26 18:00:49,356] multiqc                                            [DEBUG  ]  File ignored by rseqc/infer_experiment because it exceeded search pattern filesize limit: oilMP_S4_L001_R1_001_sub_fastqc.html
[2021-10-26 18:00:49,411] multiqc                                            [DEBUG  ]  File ignored by ccs/v4 because it exceeded search pattern filesize limit: oil_R2_sub_fastqc.html
[2021-10-26 18:00:49,412] multiqc                                            [DEBUG  ]  File ignored by hicexplorer because it exceeded search pattern filesize limit: oil_R2_sub_fastqc.html
[2021-10-26 18:00:49,412] multiqc                                            [DEBUG  ]  File ignored by nanostat because it exceeded search pattern filesize limit: oil_R2_sub_fastqc.html
[2021-10-26 18:00:49,412] multiqc                                            [DEBUG  ]  File ignored by lima/summary because it exceeded search pattern filesize limit: oil_R2_sub_fastqc.html
[2021-10-26 18:00:49,413] multiqc                                            [DEBUG  ]  File ignored by vep/vep_txt because it exceeded search pattern filesize limit: oil_R2_sub_fastqc.html
[2021-10-26 18:00:49,413] multiqc                                            [DEBUG  ]  File ignored by longranger/invocation because it exceeded search pattern filesize limit: oil_R2_sub_fastqc.html
[2021-10-26 18:00:49,413] multiqc                                            [DEBUG  ]  File ignored by rockhopper because it exceeded search pattern filesize limit: oil_R2_sub_fastqc.html
[2021-10-26 18:00:49,413] multiqc                                            [DEBUG  ]  File ignored by rseqc/bam_stat because it exceeded search pattern filesize limit: oil_R2_sub_fastqc.html
[2021-10-26 18:00:49,413] multiqc                                            [DEBUG  ]  File ignored by rseqc/junction_annotation because it exceeded search pattern filesize limit: oil_R2_sub_fastqc.html
[2021-10-26 18:00:49,413] multiqc                                            [DEBUG  ]  File ignored by rseqc/read_distribution because it exceeded search pattern filesize limit: oil_R2_sub_fastqc.html
[2021-10-26 18:00:49,413] multiqc                                            [DEBUG  ]  File ignored by rseqc/infer_experiment because it exceeded search pattern filesize limit: oil_R2_sub_fastqc.html
[2021-10-26 18:00:49,923] multiqc.plots.bargraph                             [DEBUG  ]  Using matplotlib version 3.3.3
[2021-10-26 18:00:49,924] multiqc.plots.linegraph                            [DEBUG  ]  Using matplotlib version 3.3.3
[2021-10-26 18:00:49,924] multiqc                                            [DEBUG  ]  No samples found: custom_content
[2021-10-26 18:00:49,927] multiqc                                            [DEBUG  ]  No samples found: ccs
[2021-10-26 18:00:49,929] multiqc                                            [DEBUG  ]  No samples found: ngsderive
[2021-10-26 18:00:49,931] multiqc                                            [DEBUG  ]  No samples found: purple
[2021-10-26 18:00:49,934] multiqc                                            [DEBUG  ]  No samples found: conpair
[2021-10-26 18:00:49,936] multiqc                                            [DEBUG  ]  No samples found: lima
[2021-10-26 18:00:49,939] multiqc                                            [DEBUG  ]  No samples found: peddy
[2021-10-26 18:00:49,942] multiqc                                            [DEBUG  ]  No samples found: somalier
[2021-10-26 18:00:49,944] multiqc                                            [DEBUG  ]  No samples found: methylQA
[2021-10-26 18:00:49,947] multiqc.modules.mosdepth.mosdepth                  [DEBUG  ]  include_contigs: []
[2021-10-26 18:00:49,947] multiqc.modules.mosdepth.mosdepth                  [DEBUG  ]  exclude_contigs: []
[2021-10-26 18:00:49,947] multiqc                                            [DEBUG  ]  No samples found: mosdepth
[2021-10-26 18:00:49,949] multiqc                                            [DEBUG  ]  No samples found: phantompeakqualtools
[2021-10-26 18:00:49,951] multiqc                                            [DEBUG  ]  No samples found: qualimap
[2021-10-26 18:00:49,954] multiqc                                            [DEBUG  ]  No samples found: preseq
[2021-10-26 18:00:49,956] multiqc                                            [DEBUG  ]  No samples found: quast
[2021-10-26 18:00:49,959] multiqc                                            [DEBUG  ]  No samples found: qorts
[2021-10-26 18:00:49,961] multiqc                                            [DEBUG  ]  No samples found: rna_seqc
[2021-10-26 18:00:49,964] multiqc                                            [DEBUG  ]  No samples found: rockhopper
[2021-10-26 18:00:49,966] multiqc                                            [DEBUG  ]  No samples found: rsem
[2021-10-26 18:00:49,969] multiqc                                            [DEBUG  ]  No samples found: rseqc
[2021-10-26 18:00:49,972] multiqc                                            [DEBUG  ]  No samples found: busco
[2021-10-26 18:00:49,974] multiqc                                            [DEBUG  ]  No samples found: bustools
[2021-10-26 18:00:49,976] multiqc                                            [DEBUG  ]  No samples found: goleft_indexcov
[2021-10-26 18:00:49,979] multiqc                                            [DEBUG  ]  No samples found: gffcompare
[2021-10-26 18:00:49,981] multiqc                                            [DEBUG  ]  No samples found: disambiguate
[2021-10-26 18:00:49,984] multiqc                                            [DEBUG  ]  No samples found: supernova
[2021-10-26 18:00:49,987] multiqc                                            [DEBUG  ]  No samples found: deeptools
[2021-10-26 18:00:49,989] multiqc                                            [DEBUG  ]  No samples found: sargasso
[2021-10-26 18:00:49,992] multiqc                                            [DEBUG  ]  No samples found: verifybamid
[2021-10-26 18:00:49,994] multiqc                                            [DEBUG  ]  No samples found: mirtrace
[2021-10-26 18:00:49,997] multiqc                                            [DEBUG  ]  No samples found: happy
[2021-10-26 18:00:49,999] multiqc                                            [DEBUG  ]  No samples found: mirtop
[2021-10-26 18:00:50,001] multiqc                                            [DEBUG  ]  No samples found: sambamba
[2021-10-26 18:00:50,004] multiqc                                            [DEBUG  ]  No samples found: homer
[2021-10-26 18:00:50,006] multiqc                                            [DEBUG  ]  No samples found: hops
[2021-10-26 18:00:50,009] multiqc                                            [DEBUG  ]  No samples found: macs2
[2021-10-26 18:00:50,011] multiqc                                            [DEBUG  ]  No samples found: theta2
[2021-10-26 18:00:50,014] multiqc                                            [DEBUG  ]  No samples found: snpeff
[2021-10-26 18:00:50,016] multiqc                                            [DEBUG  ]  No samples found: gatk
[2021-10-26 18:00:50,019] multiqc                                            [DEBUG  ]  No samples found: htseq
[2021-10-26 18:00:50,022] multiqc                                            [DEBUG  ]  No samples found: bcftools
[2021-10-26 18:00:50,024] multiqc                                            [DEBUG  ]  No samples found: featureCounts
[2021-10-26 18:00:50,027] multiqc                                            [DEBUG  ]  No samples found: fgbio
[2021-10-26 18:00:50,031] multiqc                                            [DEBUG  ]  No samples found: dragen
[2021-10-26 18:00:50,033] multiqc                                            [DEBUG  ]  No samples found: dedup
[2021-10-26 18:00:50,035] multiqc                                            [DEBUG  ]  No samples found: damageprofiler
[2021-10-26 18:00:50,040] multiqc                                            [DEBUG  ]  No samples found: biobambam2
[2021-10-26 18:00:50,043] multiqc                                            [DEBUG  ]  No samples found: jcvi
[2021-10-26 18:00:50,045] multiqc                                            [DEBUG  ]  No samples found: mtnucratio
[2021-10-26 18:00:50,047] multiqc                                            [DEBUG  ]  No samples found: picard
[2021-10-26 18:00:50,050] multiqc                                            [DEBUG  ]  No samples found: vep
[2021-10-26 18:00:50,052] multiqc                                            [DEBUG  ]  No samples found: sentieon
[2021-10-26 18:00:50,055] multiqc                                            [DEBUG  ]  No samples found: prokka
[2021-10-26 18:00:50,057] multiqc                                            [DEBUG  ]  No samples found: qc3C
[2021-10-26 18:00:50,060] multiqc                                            [DEBUG  ]  No samples found: nanostat
[2021-10-26 18:00:50,062] multiqc                                            [DEBUG  ]  No samples found: samblaster
[2021-10-26 18:00:50,065] multiqc                                            [DEBUG  ]  No samples found: samtools
[2021-10-26 18:00:50,067] multiqc                                            [DEBUG  ]  No samples found: sexdeterrmine
[2021-10-26 18:00:50,070] multiqc                                            [DEBUG  ]  No samples found: eigenstratdatabasetools
[2021-10-26 18:00:50,072] multiqc                                            [DEBUG  ]  No samples found: bamtools
[2021-10-26 18:00:50,074] multiqc                                            [DEBUG  ]  No samples found: jellyfish
[2021-10-26 18:00:50,077] multiqc                                            [DEBUG  ]  No samples found: vcftools
[2021-10-26 18:00:50,080] multiqc                                            [DEBUG  ]  No samples found: longranger
[2021-10-26 18:00:50,082] multiqc                                            [DEBUG  ]  No samples found: stacks
[2021-10-26 18:00:50,084] multiqc                                            [DEBUG  ]  No samples found: varscan2
[2021-10-26 18:00:50,087] multiqc                                            [DEBUG  ]  No samples found: snippy
[2021-10-26 18:00:50,090] multiqc                                            [DEBUG  ]  No samples found: bbmap
[2021-10-26 18:00:50,093] multiqc                                            [DEBUG  ]  No samples found: bismark
[2021-10-26 18:00:50,095] multiqc                                            [DEBUG  ]  No samples found: biscuit
[2021-10-26 18:00:50,098] multiqc                                            [DEBUG  ]  No samples found: hicexplorer
[2021-10-26 18:00:50,100] multiqc                                            [DEBUG  ]  No samples found: hicup
[2021-10-26 18:00:50,102] multiqc                                            [DEBUG  ]  No samples found: hicpro
[2021-10-26 18:00:50,105] multiqc                                            [DEBUG  ]  No samples found: salmon
[2021-10-26 18:00:50,107] multiqc                                            [DEBUG  ]  No samples found: kallisto
[2021-10-26 18:00:50,110] multiqc                                            [DEBUG  ]  No samples found: slamdunk
[2021-10-26 18:00:50,112] multiqc                                            [DEBUG  ]  No samples found: star
[2021-10-26 18:00:50,114] multiqc                                            [DEBUG  ]  No samples found: hisat2
[2021-10-26 18:00:50,117] multiqc                                            [DEBUG  ]  No samples found: tophat
[2021-10-26 18:00:50,119] multiqc                                            [DEBUG  ]  No samples found: bowtie2
[2021-10-26 18:00:50,122] multiqc                                            [DEBUG  ]  No samples found: bowtie1
[2021-10-26 18:00:50,124] multiqc                                            [DEBUG  ]  No samples found: snpsplit
[2021-10-26 18:00:50,126] multiqc                                            [DEBUG  ]  No samples found: odgi
[2021-10-26 18:00:50,129] multiqc                                            [DEBUG  ]  No samples found: pangolin
[2021-10-26 18:00:50,131] multiqc                                            [DEBUG  ]  No samples found: kat
[2021-10-26 18:00:50,134] multiqc                                            [DEBUG  ]  No samples found: leehom
[2021-10-26 18:00:50,136] multiqc                                            [DEBUG  ]  No samples found: adapterRemoval
[2021-10-26 18:00:50,138] multiqc                                            [DEBUG  ]  No samples found: clipandmerge
[2021-10-26 18:00:50,141] multiqc                                            [DEBUG  ]  No samples found: cutadapt
[2021-10-26 18:00:50,143] multiqc                                            [DEBUG  ]  No samples found: flexbar
[2021-10-26 18:00:50,146] multiqc                                            [DEBUG  ]  No samples found: kaiju
[2021-10-26 18:00:50,148] multiqc                                            [DEBUG  ]  No samples found: kraken
[2021-10-26 18:00:50,150] multiqc                                            [DEBUG  ]  No samples found: malt
[2021-10-26 18:00:50,153] multiqc                                            [DEBUG  ]  No samples found: trimmomatic
[2021-10-26 18:00:50,155] multiqc                                            [DEBUG  ]  No samples found: sickle
[2021-10-26 18:00:50,157] multiqc                                            [DEBUG  ]  No samples found: skewer
[2021-10-26 18:00:50,160] multiqc                                            [DEBUG  ]  No samples found: sortmerna
[2021-10-26 18:00:50,162] multiqc                                            [DEBUG  ]  No samples found: biobloomtools
[2021-10-26 18:00:50,165] multiqc                                            [DEBUG  ]  No samples found: fastq_screen
[2021-10-26 18:00:50,167] multiqc                                            [DEBUG  ]  No samples found: afterqc
[2021-10-26 18:00:50,170] multiqc                                            [DEBUG  ]  No samples found: fastp
[2021-10-26 18:00:50,192] multiqc.modules.fastqc.fastqc                      [INFO   ]  Found 4 reports
[2021-10-26 18:00:50,235] multiqc                                            [DEBUG  ]  No samples found: pychopper
[2021-10-26 18:00:50,237] multiqc                                            [DEBUG  ]  No samples found: pycoqc
[2021-10-26 18:00:50,240] multiqc                                            [DEBUG  ]  No samples found: minionqc
[2021-10-26 18:00:50,242] multiqc                                            [DEBUG  ]  No samples found: multivcfanalyzer
[2021-10-26 18:00:50,245] multiqc                                            [DEBUG  ]  No samples found: clusterflow
[2021-10-26 18:00:50,247] multiqc                                            [DEBUG  ]  No samples found: bcl2fastq
[2021-10-26 18:00:50,250] multiqc                                            [DEBUG  ]  No samples found: bclconvert
[2021-10-26 18:00:50,252] multiqc                                            [DEBUG  ]  No samples found: interop
[2021-10-26 18:00:50,254] multiqc                                            [DEBUG  ]  No samples found: ivar
[2021-10-26 18:00:50,257] multiqc                                            [DEBUG  ]  No samples found: flash
[2021-10-26 18:00:50,259] multiqc                                            [DEBUG  ]  No samples found: seqyclean
[2021-10-26 18:00:50,262] multiqc                                            [DEBUG  ]  No samples found: optitype
[2021-10-26 18:00:50,265] multiqc                                            [INFO   ]  Compressing plot data
[2021-10-26 18:00:50,301] multiqc                                            [INFO   ]  Report      : multiqc/multiqc_report.html
[2021-10-26 18:00:50,302] multiqc                                            [INFO   ]  Data        : multiqc/multiqc_data
[2021-10-26 18:00:50,302] multiqc                                            [DEBUG  ]  Moving data file from '/tmp/tmpntjklcho/multiqc_data' to 'multiqc/multiqc_data'
[2021-10-26 18:00:50,353] multiqc                                            [INFO   ]  MultiQC complete
